2012-11-05 10:47:31 Error: [MissingControllerException] Controller class FeedsController could not be found.
#0 /var/www/apps/bloggers/webroot/index.php(94): Dispatcher->dispatch(Object(CakeRequest), Object(CakeResponse))
#1 {main}
2012-11-05 10:47:58 Error: [MissingControllerException] Controller class FeedsController could not be found.
#0 /var/www/apps/bloggers/webroot/index.php(94): Dispatcher->dispatch(Object(CakeRequest), Object(CakeResponse))
#1 {main}
2012-11-05 10:48:11 Error: [MissingControllerException] Controller class FeedsController could not be found.
#0 /var/www/apps/bloggers/webroot/index.php(94): Dispatcher->dispatch(Object(CakeRequest), Object(CakeResponse))
#1 {main}
2012-11-08 13:40:21 Error: [PDOException] SQLSTATE[42S22]: Column not found: 1054 Unknown column 'Array' in 'where clause'
#0 /var/www/cakes/2.1.5.x/Cake/Model/Datasource/DboSource.php(437): PDOStatement->execute(Array)
#1 /var/www/cakes/2.1.5.x/Cake/Model/Datasource/DboSource.php(403): DboSource->_execute('SELECT `Post`.`...', Array)
#2 /var/www/cakes/2.1.5.x/Cake/Model/Datasource/DboSource.php(647): DboSource->execute('SELECT `Post`.`...', Array, Array)
#3 /var/www/cakes/2.1.5.x/Cake/Model/Datasource/DboSource.php(1058): DboSource->fetchAll('SELECT `Post`.`...', false)
#4 /var/www/cakes/2.1.5.x/Cake/Model/Model.php(2701): DboSource->read(Object(AppModel), Array)
#5 /var/www/apps/bloggers/Controller/FeedsController.php(78): Model->find('all', Array)
#6 [internal function]: FeedsController->feed()
#7 /var/www/cakes/2.1.5.x/Cake/Controller/Controller.php(485): ReflectionMethod->invokeArgs(Object(FeedsController), Array)
#8 /var/www/cakes/2.1.5.x/Cake/Routing/Dispatcher.php(103): Controller->invokeAction(Object(CakeRequest))
#9 /var/www/cakes/2.1.5.x/Cake/Routing/Dispatcher.php(85): Dispatcher->_invoke(Object(FeedsController), Object(CakeRequest), Object(CakeResponse))
#10 /var/www/apps/bloggers/webroot/index.php(94): Dispatcher->dispatch(Object(CakeRequest), Object(CakeResponse))
#11 {main}
2012-11-08 13:40:44 Error: [PDOException] SQLSTATE[42S22]: Column not found: 1054 Unknown column 'Array' in 'where clause'
#0 /var/www/cakes/2.1.5.x/Cake/Model/Datasource/DboSource.php(437): PDOStatement->execute(Array)
#1 /var/www/cakes/2.1.5.x/Cake/Model/Datasource/DboSource.php(403): DboSource->_execute('SELECT `Post`.`...', Array)
#2 /var/www/cakes/2.1.5.x/Cake/Model/Datasource/DboSource.php(647): DboSource->execute('SELECT `Post`.`...', Array, Array)
#3 /var/www/cakes/2.1.5.x/Cake/Model/Datasource/DboSource.php(1058): DboSource->fetchAll('SELECT `Post`.`...', false)
#4 /var/www/cakes/2.1.5.x/Cake/Model/Model.php(2701): DboSource->read(Object(AppModel), Array)
#5 /var/www/apps/bloggers/Controller/FeedsController.php(80): Model->find('all', Array)
#6 [internal function]: FeedsController->feed()
#7 /var/www/cakes/2.1.5.x/Cake/Controller/Controller.php(485): ReflectionMethod->invokeArgs(Object(FeedsController), Array)
#8 /var/www/cakes/2.1.5.x/Cake/Routing/Dispatcher.php(103): Controller->invokeAction(Object(CakeRequest))
#9 /var/www/cakes/2.1.5.x/Cake/Routing/Dispatcher.php(85): Dispatcher->_invoke(Object(FeedsController), Object(CakeRequest), Object(CakeResponse))
#10 /var/www/apps/bloggers/webroot/index.php(94): Dispatcher->dispatch(Object(CakeRequest), Object(CakeResponse))
#11 {main}
2012-11-08 13:41:03 Error: [PDOException] SQLSTATE[42S22]: Column not found: 1054 Unknown column 'conditions' in 'where clause'
#0 /var/www/cakes/2.1.5.x/Cake/Model/Datasource/DboSource.php(437): PDOStatement->execute(Array)
#1 /var/www/cakes/2.1.5.x/Cake/Model/Datasource/DboSource.php(403): DboSource->_execute('SELECT `Prefere...', Array)
#2 /var/www/cakes/2.1.5.x/Cake/Model/Datasource/DboSource.php(647): DboSource->execute('SELECT `Prefere...', Array, Array)
#3 /var/www/cakes/2.1.5.x/Cake/Model/Datasource/DboSource.php(1058): DboSource->fetchAll('SELECT `Prefere...', false)
#4 /var/www/cakes/2.1.5.x/Cake/Model/Model.php(2701): DboSource->read(Object(AppModel), Array)
#5 /var/www/cakes/2.1.5.x/Cake/Model/Model.php(1534): Model->find('first', Array)
#6 /var/www/apps/bloggers/Controller/FeedsController.php(72): Model->field('feed_id', Array)
#7 [internal function]: FeedsController->feed()
#8 /var/www/cakes/2.1.5.x/Cake/Controller/Controller.php(485): ReflectionMethod->invokeArgs(Object(FeedsController), Array)
#9 /var/www/cakes/2.1.5.x/Cake/Routing/Dispatcher.php(103): Controller->invokeAction(Object(CakeRequest))
#10 /var/www/cakes/2.1.5.x/Cake/Routing/Dispatcher.php(85): Dispatcher->_invoke(Object(FeedsController), Object(CakeRequest), Object(CakeResponse))
#11 /var/www/apps/bloggers/webroot/index.php(94): Dispatcher->dispatch(Object(CakeRequest), Object(CakeResponse))
#12 {main}
2012-11-08 13:50:00 Error: [PDOException] SQLSTATE[42S22]: Column not found: 1054 Unknown column 'recursive' in 'where clause'
#0 /var/www/cakes/2.1.5.x/Cake/Model/Datasource/DboSource.php(437): PDOStatement->execute(Array)
#1 /var/www/cakes/2.1.5.x/Cake/Model/Datasource/DboSource.php(403): DboSource->_execute('SELECT `Prefere...', Array)
#2 /var/www/cakes/2.1.5.x/Cake/Model/Datasource/DboSource.php(647): DboSource->execute('SELECT `Prefere...', Array, Array)
#3 /var/www/cakes/2.1.5.x/Cake/Model/Datasource/DboSource.php(1058): DboSource->fetchAll('SELECT `Prefere...', false)
#4 /var/www/cakes/2.1.5.x/Cake/Model/Model.php(2701): DboSource->read(Object(AppModel), Array)
#5 /var/www/cakes/2.1.5.x/Cake/Model/Model.php(1534): Model->find('first', Array)
#6 /var/www/apps/bloggers/Controller/FeedsController.php(78): Model->field('feed_id', Array)
#7 [internal function]: FeedsController->feed()
#8 /var/www/cakes/2.1.5.x/Cake/Controller/Controller.php(485): ReflectionMethod->invokeArgs(Object(FeedsController), Array)
#9 /var/www/cakes/2.1.5.x/Cake/Routing/Dispatcher.php(103): Controller->invokeAction(Object(CakeRequest))
#10 /var/www/cakes/2.1.5.x/Cake/Routing/Dispatcher.php(85): Dispatcher->_invoke(Object(FeedsController), Object(CakeRequest), Object(CakeResponse))
#11 /var/www/apps/bloggers/webroot/index.php(94): Dispatcher->dispatch(Object(CakeRequest), Object(CakeResponse))
#12 {main}
2012-11-08 13:52:00 Error: [PDOException] SQLSTATE[42S22]: Column not found: 1054 Unknown column 'active' in 'where clause'
#0 /var/www/cakes/2.1.5.x/Cake/Model/Datasource/DboSource.php(437): PDOStatement->execute(Array)
#1 /var/www/cakes/2.1.5.x/Cake/Model/Datasource/DboSource.php(403): DboSource->_execute('SELECT `Post`.`...', Array)
#2 /var/www/cakes/2.1.5.x/Cake/Model/Datasource/DboSource.php(647): DboSource->execute('SELECT `Post`.`...', Array, Array)
#3 /var/www/cakes/2.1.5.x/Cake/Model/Datasource/DboSource.php(1058): DboSource->fetchAll('SELECT `Post`.`...', false)
#4 /var/www/cakes/2.1.5.x/Cake/Model/Model.php(2701): DboSource->read(Object(AppModel), Array)
#5 /var/www/apps/bloggers/Controller/FeedsController.php(88): Model->find('all', Array)
#6 [internal function]: FeedsController->feed()
#7 /var/www/cakes/2.1.5.x/Cake/Controller/Controller.php(485): ReflectionMethod->invokeArgs(Object(FeedsController), Array)
#8 /var/www/cakes/2.1.5.x/Cake/Routing/Dispatcher.php(103): Controller->invokeAction(Object(CakeRequest))
#9 /var/www/cakes/2.1.5.x/Cake/Routing/Dispatcher.php(85): Dispatcher->_invoke(Object(FeedsController), Object(CakeRequest), Object(CakeResponse))
#10 /var/www/apps/bloggers/webroot/index.php(94): Dispatcher->dispatch(Object(CakeRequest), Object(CakeResponse))
#11 {main}
2012-11-08 14:16:00 Error: [PDOException] SQLSTATE[42S22]: Column not found: 1054 Unknown column 'limit' in 'where clause'
#0 /var/www/cakes/2.1.5.x/Cake/Model/Datasource/DboSource.php(437): PDOStatement->execute(Array)
#1 /var/www/cakes/2.1.5.x/Cake/Model/Datasource/DboSource.php(403): DboSource->_execute('SELECT `Post`.`...', Array)
#2 /var/www/cakes/2.1.5.x/Cake/Model/Datasource/DboSource.php(647): DboSource->execute('SELECT `Post`.`...', Array, Array)
#3 /var/www/cakes/2.1.5.x/Cake/Model/Datasource/DboSource.php(1058): DboSource->fetchAll('SELECT `Post`.`...', false)
#4 /var/www/cakes/2.1.5.x/Cake/Model/Model.php(2701): DboSource->read(Object(AppModel), Array)
#5 /var/www/apps/bloggers/Controller/FeedsController.php(91): Model->find('all', Array)
#6 [internal function]: FeedsController->feed()
#7 /var/www/cakes/2.1.5.x/Cake/Controller/Controller.php(485): ReflectionMethod->invokeArgs(Object(FeedsController), Array)
#8 /var/www/cakes/2.1.5.x/Cake/Routing/Dispatcher.php(103): Controller->invokeAction(Object(CakeRequest))
#9 /var/www/cakes/2.1.5.x/Cake/Routing/Dispatcher.php(85): Dispatcher->_invoke(Object(FeedsController), Object(CakeRequest), Object(CakeResponse))
#10 /var/www/apps/bloggers/webroot/index.php(94): Dispatcher->dispatch(Object(CakeRequest), Object(CakeResponse))
#11 {main}
2012-11-08 14:22:55 Error: [PDOException] SQLSTATE[42S22]: Column not found: 1054 Unknown column 'desc' in 'order clause'
#0 /var/www/cakes/2.1.5.x/Cake/Model/Datasource/DboSource.php(437): PDOStatement->execute(Array)
#1 /var/www/cakes/2.1.5.x/Cake/Model/Datasource/DboSource.php(403): DboSource->_execute('SELECT `Post`.`...', Array)
#2 /var/www/cakes/2.1.5.x/Cake/Model/Datasource/DboSource.php(647): DboSource->execute('SELECT `Post`.`...', Array, Array)
#3 /var/www/cakes/2.1.5.x/Cake/Model/Datasource/DboSource.php(1058): DboSource->fetchAll('SELECT `Post`.`...', false)
#4 /var/www/cakes/2.1.5.x/Cake/Model/Model.php(2701): DboSource->read(Object(AppModel), Array)
#5 /var/www/apps/bloggers/Controller/FeedsController.php(93): Model->find('all', Array)
#6 [internal function]: FeedsController->feed()
#7 /var/www/cakes/2.1.5.x/Cake/Controller/Controller.php(485): ReflectionMethod->invokeArgs(Object(FeedsController), Array)
#8 /var/www/cakes/2.1.5.x/Cake/Routing/Dispatcher.php(103): Controller->invokeAction(Object(CakeRequest))
#9 /var/www/cakes/2.1.5.x/Cake/Routing/Dispatcher.php(85): Dispatcher->_invoke(Object(FeedsController), Object(CakeRequest), Object(CakeResponse))
#10 /var/www/apps/bloggers/webroot/index.php(94): Dispatcher->dispatch(Object(CakeRequest), Object(CakeResponse))
#11 {main}
2012-11-08 14:29:18 Error: [MissingActionException] Action FeedsController::prueba() could not be found.
#0 /var/www/cakes/2.1.5.x/Cake/Routing/Dispatcher.php(103): Controller->invokeAction(Object(CakeRequest))
#1 /var/www/cakes/2.1.5.x/Cake/Routing/Dispatcher.php(85): Dispatcher->_invoke(Object(FeedsController), Object(CakeRequest), Object(CakeResponse))
#2 /var/www/apps/bloggers/webroot/index.php(94): Dispatcher->dispatch(Object(CakeRequest), Object(CakeResponse))
#3 {main}
